[2026-06-30 16:22:04] === 开始同步 ===
[2026-06-30 16:22:04] files.json updated: 1 file(s)
[2026-06-30 16:22:04] [build] index.html generated with 1 shared file(s)
[2026-06-30 16:22:04] [build] files.json updated
[2026-06-30 16:22:04] === 同步完成 ===
[2026-06-30 16:49:46] === 开始同步 ===
[2026-06-30 16:49:46] files.json updated: 1 file(s)
[2026-06-30 16:49:46] [build] index.html generated with 1 shared file(s)
[2026-06-30 16:49:46] [build] files.json updated
[2026-06-30 16:49:46] === 部署到 Cloudflare Pages ===
[2026-06-30 16:52:07] === 开始同步 ===
[2026-06-30 16:52:07] files.json updated: 1 file(s)
[2026-06-30 16:52:07] [build] index.html generated with 1 shared file(s)
[2026-06-30 16:52:07] [build] files.json updated
[2026-06-30 16:52:07] === 同步完成 ===
[2026-06-30 16:52:10] === 部署到 Cloudflare Pages ===
[2026-06-30 16:52:13] 部署成功! id=f1172bb5-e5b0-453c-9faf-f85c280f0d51, url=https://f1172bb5.kebei-share.pages.dev
[2026-06-30 16:52:17] === 开始同步 ===
[2026-06-30 16:52:17] files.json updated: 1 file(s)
[2026-06-30 16:52:17] [build] index.html generated with 1 shared file(s)
[2026-06-30 16:52:17] [build] files.json updated
[2026-06-30 16:52:17] === 部署到 Cloudflare Pages ===
[2026-06-30 16:52:20] 部署成功! id=cb93d84d-944a-4643-889f-4072d2384753, url=https://cb93d84d.kebei-share.pages.dev
[2026-06-30 16:52:20] === 同步完成 ===
